Change Component Comment : Designator=P3 Old Comment=Base New Comment=Servo Base
Change Component Comment : Designator=P5 Old Comment=Bras New Comment=Servo Bras
Change Component Comment : Designator=P1 Old Comment=LED New Comment=Ruban LED
Change Component Comment : Designator=P2 Old Comment=Power New Comment=Power Supply
Added Pin To Net: NetName=+3.3 Pin=C1-1
Added Pin To Net: NetName=+3.3 Pin=C2-1
Added Pin To Net: NetName=+3.3 Pin=P7-1
Added Pin To Net: NetName=+3.3 Pin=P7-17
Added Pin To Net: NetName=+3.3 Pin=P9-1
Added Pin To Net: NetName=+3.3 Pin=P10-1
Added Pin To Net: NetName=+3.3 Pin=R3-1
Added Pin To Net: NetName=+3.3 Pin=S1-1
Added Pin To Net: NetName=+3.3 Pin=S1-1
Added Pin To Net: NetName=+3.3 Pin=S2-1
Added Pin To Net: NetName=+3.3 Pin=S2-1
Added Pin To Net: NetName=+3.3 Pin=S3-1
Added Pin To Net: NetName=+3.3 Pin=S3-1
Added Pin To Net: NetName=+3.3 Pin=S4-1
Added Pin To Net: NetName=+3.3 Pin=S4-1
Added Net: Name=+3.3
Added Pin To Net: NetName=+5 Pin=D1-2
Added Pin To Net: NetName=+5 Pin=D2-2
Added Pin To Net: NetName=+5 Pin=K1-3
Added Pin To Net: NetName=+5 Pin=K2-3
Added Pin To Net: NetName=+5 Pin=P1-1
Added Pin To Net: NetName=+5 Pin=P7-2
Added Pin To Net: NetName=+5 Pin=P7-4
Added Net: Name=+5
Added Pin To Net: NetName=+24 Pin=K1-1
Added Pin To Net: NetName=+24 Pin=P2-1
Added Pin To Net: NetName=+24 Pin=U1-1
Added Net: Name=+24
Added Pin To Net: NetName=GND Pin=C1-2
Added Pin To Net: NetName=GND Pin=C2-2
Added Pin To Net: NetName=GND Pin=D3-2
Added Pin To Net: NetName=GND Pin=D4-2
Added Pin To Net: NetName=GND Pin=D5-2
Added Pin To Net: NetName=GND Pin=LS1-2
Added Pin To Net: NetName=GND Pin=P1-3
Added Pin To Net: NetName=GND Pin=P2-2
Added Pin To Net: NetName=GND Pin=P3-3
Added Pin To Net: NetName=GND Pin=P5-3
Added Pin To Net: NetName=GND Pin=P6-2
Added Pin To Net: NetName=GND Pin=P7-6
Added Pin To Net: NetName=GND Pin=P7-9
Added Pin To Net: NetName=GND Pin=P7-14
Added Pin To Net: NetName=GND Pin=P7-20
Added Pin To Net: NetName=GND Pin=P7-25
Added Pin To Net: NetName=GND Pin=P7-30
Added Pin To Net: NetName=GND Pin=P7-34
Added Pin To Net: NetName=GND Pin=P7-39
Added Pin To Net: NetName=GND Pin=P8-2
Added Pin To Net: NetName=GND Pin=P9-11
Added Pin To Net: NetName=GND Pin=P10-11
Added Pin To Net: NetName=GND Pin=Q1-3
Added Pin To Net: NetName=GND Pin=Q2-3
Added Pin To Net: NetName=GND Pin=U1-2
Added Pin To Net: NetName=GND Pin=U1-4
Added Net: Name=GND
Added Pin To Net: NetName=GPIO1 Pin=P7-28
Added Pin To Net: NetName=GPIO1 Pin=P9-2
Added Pin To Net: NetName=GPIO1 Pin=P10-2
Added Pin To Net: NetName=GPIO1 Pin=R5-1
Added Net: Name=GPIO1
Added Pin To Net: NetName=GPIO4 Pin=P7-7
Added Pin To Net: NetName=GPIO4 Pin=R2-1
Added Net: Name=GPIO4
Added Pin To Net: NetName=GPIO7 Pin=P7-26
Added Pin To Net: NetName=GPIO7 Pin=P9-3
Added Pin To Net: NetName=GPIO7 Pin=P10-3
Added Pin To Net: NetName=GPIO7 Pin=R6-1
Added Net: Name=GPIO7
Added Pin To Net: NetName=GPIO8 Pin=P7-24
Added Pin To Net: NetName=GPIO8 Pin=P9-4
Added Pin To Net: NetName=GPIO8 Pin=P10-4
Added Pin To Net: NetName=GPIO8 Pin=R7-1
Added Net: Name=GPIO8
Added Pin To Net: NetName=GPIO12 Pin=LS1-1
Added Pin To Net: NetName=GPIO12 Pin=P7-32
Added Pin To Net: NetName=GPIO12 Pin=P9-5
Added Pin To Net: NetName=GPIO12 Pin=P10-5
Added Net: Name=GPIO12
Added Pin To Net: NetName=GPIO14 Pin=P7-8
Added Pin To Net: NetName=GPIO14 Pin=P9-6
Added Pin To Net: NetName=GPIO14 Pin=P10-6
Added Pin To Net: NetName=GPIO14 Pin=S1-2
Added Pin To Net: NetName=GPIO14 Pin=S1-2
Added Net: Name=GPIO14
Added Pin To Net: NetName=GPIO15 Pin=P7-10
Added Pin To Net: NetName=GPIO15 Pin=P9-7
Added Pin To Net: NetName=GPIO15 Pin=P10-7
Added Pin To Net: NetName=GPIO15 Pin=S2-2
Added Pin To Net: NetName=GPIO15 Pin=S2-2
Added Net: Name=GPIO15
Added Pin To Net: NetName=GPIO17 Pin=P3-2
Added Pin To Net: NetName=GPIO17 Pin=P7-11
Added Net: Name=GPIO17
Added Pin To Net: NetName=GPIO18 Pin=P1-2
Added Pin To Net: NetName=GPIO18 Pin=P7-12
Added Net: Name=GPIO18
Added Pin To Net: NetName=GPIO22 Pin=P7-15
Added Pin To Net: NetName=GPIO22 Pin=R1-1
Added Net: Name=GPIO22
Added Pin To Net: NetName=GPIO23 Pin=P7-16
Added Pin To Net: NetName=GPIO23 Pin=P9-8
Added Pin To Net: NetName=GPIO23 Pin=P10-8
Added Pin To Net: NetName=GPIO23 Pin=S3-2
Added Pin To Net: NetName=GPIO23 Pin=S3-2
Added Net: Name=GPIO23
Added Pin To Net: NetName=GPIO24 Pin=P7-18
Added Pin To Net: NetName=GPIO24 Pin=P9-9
Added Pin To Net: NetName=GPIO24 Pin=P10-9
Added Pin To Net: NetName=GPIO24 Pin=S4-2
Added Pin To Net: NetName=GPIO24 Pin=S4-2
Added Net: Name=GPIO24
Added Pin To Net: NetName=GPIO25 Pin=P7-22
Added Pin To Net: NetName=GPIO25 Pin=P9-10
Added Pin To Net: NetName=GPIO25 Pin=P10-10
Added Pin To Net: NetName=GPIO25 Pin=R4-1
Added Net: Name=GPIO25
Added Pin To Net: NetName=GPIO27 Pin=P5-2
Added Pin To Net: NetName=GPIO27 Pin=P7-13
Added Net: Name=GPIO27
Added Pin To Net: NetName=NetD1_1 Pin=D1-1
Added Pin To Net: NetName=NetD1_1 Pin=K1-4
Added Pin To Net: NetName=NetD1_1 Pin=Q1-1
Added Net: Name=NetD1_1
Added Pin To Net: NetName=NetD2_1 Pin=D2-1
Added Pin To Net: NetName=NetD2_1 Pin=K2-4
Added Pin To Net: NetName=NetD2_1 Pin=Q2-1
Added Net: Name=NetD2_1
Added Pin To Net: NetName=NetD3_1 Pin=D3-1
Added Pin To Net: NetName=NetD3_1 Pin=R3-2
Added Net: Name=NetD3_1
Added Pin To Net: NetName=NetD4_1 Pin=D4-1
Added Pin To Net: NetName=NetD4_1 Pin=R4-2
Added Net: Name=NetD4_1
Added Pin To Net: NetName=NetD5_1 Pin=D5-1
Added Pin To Net: NetName=NetD5_1 Pin=R5-2
Added Net: Name=NetD5_1
Added Pin To Net: NetName=NetD5_3 Pin=D5-3
Added Pin To Net: NetName=NetD5_3 Pin=R6-2
Added Net: Name=NetD5_3
Added Pin To Net: NetName=NetD5_4 Pin=D5-4
Added Pin To Net: NetName=NetD5_4 Pin=R7-2
Added Net: Name=NetD5_4
Added Pin To Net: NetName=NetQ1_2 Pin=Q1-2
Added Pin To Net: NetName=NetQ1_2 Pin=R1-2
Added Net: Name=NetQ1_2
Added Pin To Net: NetName=NetQ2_2 Pin=Q2-2
Added Pin To Net: NetName=NetQ2_2 Pin=R2-2
Added Net: Name=NetQ2_2
Added Pin To Net: NetName=Pompe Pin=K2-2
Added Pin To Net: NetName=Pompe Pin=P6-1
Added Net: Name=Pompe
Added Pin To Net: NetName=Valve Pin=K1-2
Added Pin To Net: NetName=Valve Pin=P8-1
Added Net: Name=Valve
Added Pin To Net: NetName=VCC Pin=K2-1
Added Pin To Net: NetName=VCC Pin=P3-1
Added Pin To Net: NetName=VCC Pin=P5-1
Added Pin To Net: NetName=VCC Pin=U1-3
Added Net: Name=VCC
Added Class: Name=Interface
Added Class: Name=Shield
Added Room: Name=Interface
Added Room: Name=Shield
